1.  Las Comprehensions son sintaxis concisas para describir listas,
    sets y diccionarios en un estilo declarativo o funcional.
    i) Son facilmente leibles y expresivas
    ii) Casi se leen como un lenguaje natural

    Las comprensiones son mas faciles de explicar con ejemplos:
    a)  En el siguiente ejemplo crearemos una lista de palabras,
        para posteriormente generar de esta otra lista que 
        corresponda a las longitudes de cada una de las cadenas
        de la primera lista:
        >>> words = "Say I love you is want to hear from you i notihng I love you".split()
        >>> words
        ['Say', 'I', 'love', 'you', 'is', 'want', 'to', 'hear', 'from', 'you', 'i', 'notihng', 'I', 'love', 'you']
        >>> # Y a continuacion viene la comprension que genera la lista de longitudes
        >>> [len(word) for word in words]   # En la primera parte el metodo len() definira lo que se quiere obtener
        [3, 1, 4, 3, 2, 4, 2, 4, 4, 3, 1, 7, 1, 4, 3]   # para generar la nueva lista...

    b)  El siguiente ejemplo tambien obtiene la longitud de cadena de los
        primeros 20 numeros al los cuales se les aplica la funcion factorial
        contenida en la biblioteca math:
        >>> from math import factorial as fac
        >>> f = [ len(str(fac(x))) for x in range(20) ]
        >>> f
        [1, 1, 1, 1, 2, 3, 3, 4, 5, 6, 7, 8, 9, 10, 11, 13, 14, 15, 16, 18]

    c)  Tambien podemos crear un set utilizando una sintaxis parecida pero en
        vez de utilizar los [] de una lista utilizaremos los {} de un set:
        >>> s = { len(str(fac(x))) for x in range(20) }
        >>> type(s)
        <class 'set'>
        >>> s
        {1, 2, 3, 4, 5, 6, 7, 8, 9, 10, 11, 13, 14, 15, 16, 18}
        Y como se puede ver, se eliminan los elementos repetidos por que el 
        set no los admite.

    d)  Entonces, la sintaxis de una conmprehension de lista es la siguiente:
        Primeramente se podria decir que se divide en dos partes encerradas 
        entre corchetes []:
        [funcion_de_definicion_de_la_nueva_lista for_para_iterar_cada_elememto_del_cual_se_generara_nueva_lista]
        Despues usando una sintaxis mas programatica:
        [ expr(item) for item in items ]
        NOTA: La expr que produce los nuevos elementos de la lista puede ser cualquier
        expresion de python

    e)  La sintaxis de una conmprehension de set es la siguiente:
        Primeramente se podria decir que se divide en dos partes encerradas 
        entre llaves {}:
        {funcion_de_definicion_de_la_nueva_lista for_para_iterar_cada_elememto_del_cual_se_generara_nueva_lista}
        Despues usando una sintaxis mas programatica:
        { expr(item) for item in items }
        NOTA: La expr que produce los nuevos elementos de la lista puede ser cualquier
        expresion de python

    f)  Y la sintaxis para una comprension de diccionario seria la siguiente:

        {
            key_expr(item) : value_expr(item)
            for item in iterable
        }
        El siguiente ejemplo lo explicaremos por pasos:
        PASO 1:
        # Creamos el diccionario a partir del cual le aplicaremos la
        # comprehension para generar el nuevo diccionario.
        # El diciconario a partir del cual partimos es uno para el cual
        # la clave es el nombre de la persona y el valor sus apellidos
        >>> nombres_derechos = { 'Federico':'Martinez Escamilla',
        ...                      'Maria Yolanda' : 'Belmares Carrizales',
        ...                      'Valeria Estefania': 'Martinez Belmares',
        ...                      'Sebastian Alejandro' : 'Ramos Belmares',
        ... 
                            }
        PASO 2:
        # Una vez creado el diccionario base creamos la comprehension. 
        # El diccionario resultante es un conjunto clave:valor pero con los
        # apellidos en la clave y los nombres en el valor para poder utilizarlos
        # en algun documento formal donde se requiere ese formato:
            # Asignacion       | Expresion     | Obtenemos los valores usando la tecnica de 
            #                  | en la expr    | descompresion de tuplas ya que la funcion
            #                  | definimos la  | items() nos devuelve tuplas de 2 valores
            #                  | clave:valor   | al aplicarla a un diccionario
        >>> nombres_formales = { apellido:nombre for nombre,apellido in nombres_derechos.items() }
        PASO 3: 
        # Finalmente procedemos a imprimir el nuevo diccionario para comprobar que 
        # aplicamos correctamente nuestra comprehension:
        >>> nombres_formales
        {'Martinez Escamilla': 'Federico', 'Belmares Carrizales': 'Maria Yolanda', 'Martinez Belmares': 'Valeria Estefania', 'Ramos Belmares': 'Sebastian Alejandro'}

    g)  El grado de complejidad de la expresion no esta limitado y puede ser tan compleja como se 
        desee pero hay que tener cuidado de no sobrepasarse por que lo que se busca es la simplicidad
        y que los compañeros programadores puedan entender nuestro codigo.
        A continuacion un ejemplo con un grado de complejidad alto que obtiene los paths de los archivos 
        python en el directorio actual como claves y sus longitudes como valores:
            >>> import os
            >>> import glob
            >>> file_sizes = { os.path.realpath(p): os.stat(p).st_size for p in glob.glob('*.py') }
            >>> from pprint import pp
            >>> pp(file_sizes)
            {'/Users/federicomartinezescamilla/cursos/python/plural-python-core/chapter-8/dirs.py': 550,
            '/Users/federicomartinezescamilla/cursos/python/plural-python-core/chapter-8/exceptional.py': 781,
            '/Users/federicomartinezescamilla/cursos/python/plural-python-core/chapter-8/roots.py': 859}

2.  Para entender losProtocolos de Iteracion veamos a continuacion que son y comose diferencian un objeto
    iterable de un objeto iterador:
                     ITERABLE                                    ITERATOR
            Puede ser pasado a la funcion               Puede ser pasado a la funcion
            iter(iterable) para producir                next(iterator) para obtener el
            un objeto iterator.                         siguiente valor en la secuencia
                                                        subyacente.
    Y para entender esto mejor, a continuacion mostramos un ejemplo de como se utiliza cada tipo de objeto:
        >>> iterable = ['Spring','Summer','Autum','Winter',]
        >>> iterator = iter(iterable)
        >>> iterator
        <list_iterator object at 0x1033c4d00>
        >>> next(iterator)
        'Spring'
        >>> next(iterator)
        'Summer'
        >>> next(iterator)
        'Autum'
        >>> next(iterator)
        'Winter'
        >>> next(iterator)
        Traceback (most recent call last):
        File "<stdin>", line 1, in <module>
        StopIteration
        # Cuando ya no hay mas elementos en la secuencia se genera una excepcion
    Para validar lo anterior se tiene que crear una funcion que reciba un objeto iterable 
    para poder controlar la excepcion:
        >>> def first(iterable):
        ...     iterator = iter(iterable)
        ...     try:
        ...         return next(iterator)
        ...     except StopIteration:
        ...         raise ValueError("iterable is empty")
        ... 
        >>> first(['1st','2nd','erd',])
        '1st'
        >>> first({'1st','2nd','3rd',})
        '2nd'       #Aqui me aparece este valor por que el contenido del set no tiene un orden 
        >>> first(set()) # Si introducimos una secuencia vacia se levanta un error:
        Traceback (most recent call last):
        File "<stdin>", line 4, in first
        StopIteration

        During handling of the above exception, another exception occurred:

        Traceback (most recent call last):
        File "<stdin>", line 1, in <module>
        File "<stdin>", line 6, in first
        ValueError: iterable is empty

3.  Generator Functions (Funciones Generadoras de Iteradores). Son unas de las mas poderosas y elegantes caracteristicas 
    de python. Son una forma de describir series iterables por medio de funciones.
    
    Realizan lo que se llama "lazy evaluation" lo que significa que calculan el 
    siguiente valor a pedido.

    Para que una funcion sea de este tipo tiene que incluir al menos una instruccion
    yield en su definicion.

    Y tambien puede contener la palabra clave return pero sin argumentos.

    Y como cualquier otra funcion, hay un retorno implicito al final de la definicion.

    Para entender mejor el concepto a continuacion lo ilustraremos con un ejemplo 
    de codigo:
        >>> def gen123():
        ...     yield 1 #guarda este valor y los que siguen
        ...     yield 2
        ...     yield 3
        ... 
        >>> g = gen123()
        >>> g
        <generator object gen123 at 0x104568bf0> # Los generadores de hecho son iteradores de Python
        >>> next(g)
        1
        >>> next(g)
        2
        >>> next(g)
        3
        >>> next(g)
        Traceback (most recent call last):
        File "<stdin>", line 1, in <module>
        StopIteration

        Y debido a que los generadores de funciones son iteradores y que los iteradores tambien pueen ser 
        iterables, por lo tnato se pueden usar en iteraciones for:
        >>> for v in gen123():
        ...     print(v)
        ... 
        1
        2
        3
        
        TIP: ** Cada vez que se asigna una funcion generadora esta se inicializa en el primer elemento ***


4.  Generator Expressions (Expresiones generadoras de iteradores) 
        a)  Son un cruce entre Comprehensions y Generator Functions 
        
        b)  Utilizan una sintaxis similar al de las Comprehensions
        
        c)  Dan como resultado un objeto generador que produce una secuencia Lazy
        
        d)  Su sintaxis es muy similar a las de las Comprehensions:
                ( expr(item) for item in iterable )
            Solo que esta delimitada por parentesis en vez de brackets de listas
        
        e)  Las expresiones no generan los valores en el momento, sino que
            reciben las manera de generarlos mediante la expresion generadora
            con la que se le hace la asignacion al objeto. Los valores como en 
            las funciones generadoras se van generando conforme se vayan solicitando
            con la finalidad de no saturar la memoria con datos. He aqui un ejemplo
            de generacion de un objeto generador:
                    >>> million_squares = (x*x for x in range(1, 1000001) ) # AQUI NO SE GENERARON LOS DATOS AUN
                    >>> million_squares
                    <generator object <genexpr> at 0x104199e50>
                    >>> list(million_squares)[-10:] # Aqui se generaron los datos pero solo los que se solicitaron
                    [999982000081, 999984000064, 999986000049, 999988000036, 999990000025, 999992000016, 999994000009, 999996000004, 999998000001, 1000000000000]
        
        f)  Son objetos generadores de un solo uso, esto es, con solo extraer un solo 
            elemento ya no se podra usar mas delante por que regresara una lista vacia.
            Para poder volver a crear nuevamente el mismo objeto generador se tiene que
            repetir el mismo procedimiento volviendo a usar la misma expresion generadora.
            He aqui un ejemplo de esto:
                >>> mil = (x for x in range(1,1001))
                >>> list(mil)[0:10]
                [1, 2, 3, 4, 5, 6, 7, 8, 9, 10]
                >>> list(mil)[0:10] # si lo queremos volver a utilizar ya no genera nada mas que una lista vacia
                []
            Y para poder volverlo a usar tenemos que recrear toda la expresion de nuevo como
            se hizo inicialmente:
                >>> list(mil)[100:120]
                [101, 102, 103, 104, 105, 106, 107, 108, 109, 110, 111, 112, 113, 114, 115, 116, 117, 118, 119, 120]
                >>> list(mil)[100:120]
                []   # <=== Y regresamos a lo mismo nuevamente
        
        g)  La funcion integrada sum() hace la suma de cada uno de los numeros que contiene un objeto iterable
            en este caso el que se genera pasandole como argumento actual utilizando una expresion generadora:
                >>> sum(x for x in range(1, 101))
                5050

        h)  De la misma forma que las Comprehension tambien podemos aplicar filtros a las expresiones generadoras
            como en este siguiente ejemplo:
                >>> sum(x for x in range(1, 101) if x%2==0)
                2550
                ó
                >>> sum(x for x in range(1, 11) if x%2==0)
                30  # el iterable resultante seria: [2,4,6,8,10] => 2+4+6+8+10=30
            *** NOTA: En este caso utilice una expresion booleana despues del if pero tambien podemos usar una 
                      funcion que retorne valores booleanos.

5.  Iteration Tools. Son herramientas que conforman el vocabulario Python para trabajar con iteradores.
    Y se pueden combinar para generar poderosas declaraciones en un codigo muy conciso y legible.
    
    A continuacion se listan cada una de estas funciones de tratamiento de iterables:
        a)  La funcion sum(), como su nombre lo dice, crea la sumatoria de los numeros contenidos en un iterable.
            A continuación un ejemplo de uso de esta funcion:
            >>> sum([1,2,3])
            6
            >>> sum(["Hola","Mundo"])   # Aqui podemos comprobar que la funcion sum() solo soporta iterables numericos
            Traceback (most recent call last):
            File "<stdin>", line 1, in <module>
            TypeError: unsupported operand type(s) for +: 'int' and 'str'
            >>> sum({1,2,3,4,5})
            15
            >>> sum({1:2,2:3,3:4,4:5})
            10
            >>> sum((1,2,3,4))
            10
            >>> sum(x for x in range(1,5))
            10

        b)  La funcion enumerate(iterable) genera un iterador que contiene una secuencia de tuplas con dos valores:
            uno es el indice y el otro el valor original del iterable que se le paso como parametro actual, para 
            entenderlo veamos el siguiente ejemplo:
            >>> e = enumerate([1,2,3,4,5,6])
            >>> e
            <enumerate object at 0x105082de0>
            >>> for x in e:
            ...     print(x)
            ... 
            (0, 1)
            (1, 2)
            (2, 3)
            (3, 4)
            (4, 5)
            (5, 6)

        c)  La funcion count(stat=0, step=1) sirve como una funcion generadora de una secuencia infinita
            del tipo lazy evaluation la cual genera y entrega un solo numero de la secuencia mientras se 
            va solicitando.

        d)  La funcion islice(iterable, start, stop[, step]) sirve para generar un objeto iterable de una 
            tajada de otro objeto iterable. A menudo se acompaña de la funcion count(...) como en el ejemplo 
            que viene a continuacion:
                >>> diez = islice((x for x in count()), 10) # Aqui se genera un iterador del tipo islice que
                >>> diez                                    # va a contener los primeros diez numeros que
                <itertools.islice object at 0x10577b600>    # arroje la funcion infinita count() ya que no 
                >>> for i in diez:                          # tiene fin si la usaramos con un for, pero como 
                ...     print(i)                            # en este caso le solicitamos de uno por uno, no
                ...                                         # se crea un ciclo infinitopor ser del tipo 
                0                                           # lazy evaluation
                1
                2
                3
                4
                5
                6
                7
                8
                9
            Si quisiera que mi secuencia resultante empezara en 1 termine en 10 tendria que modificar los argumentos 
            en el count de la primer línea de nuestro ejemplo como viene a continuacion:
                >>> diez = islice((x for x in count(1,1)), 10)
                >>> for i in diez:
                ...     print(i)
                ... 
                1
                2
                3
                4
                5
                6
                7
                8
                9
                10

